<?xml version="1.0" encoding="UTF-8"?>
<testsuite name="com.pega.practice.HelloWorld.HelloWorldApplicationTests" tests="1" skipped="0" failures="0" errors="0" timestamp="2020-10-06T09:08:43" hostname="L41057WIN" time="0.118">
  <properties/>
  <testcase name="contextLoads()" classname="com.pega.practice.HelloWorld.HelloWorldApplicationTests" time="0.118"/>
  <system-out><![CDATA[14:38:42.494 [Test worker] DEBUG org.springframework.test.context.BootstrapUtils - Instantiating CacheAwareContextLoaderDelegate from class [org.springframework.test.context.cache.DefaultCacheAwareContextLoaderDelegate]
14:38:42.504 [Test worker] DEBUG org.springframework.test.context.BootstrapUtils - Instantiating BootstrapContext using constructor [public org.springframework.test.context.support.DefaultBootstrapContext(java.lang.Class,org.springframework.test.context.CacheAwareContextLoaderDelegate)]
14:38:42.526 [Test worker] DEBUG org.springframework.test.context.BootstrapUtils - Instantiating TestContextBootstrapper for test class [com.pega.practice.HelloWorld.HelloWorldApplicationTests] from class [org.springframework.boot.test.context.SpringBootTestContextBootstrapper]
14:38:42.538 [Test worker] INFO org.springframework.boot.test.context.SpringBootTestContextBootstrapper - Neither @ContextConfiguration nor @ContextHierarchy found for test class [com.pega.practice.HelloWorld.HelloWorldApplicationTests], using SpringBootContextLoader
14:38:42.541 [Test worker] DEBUG org.springframework.test.context.support.AbstractContextLoader - Did not detect default resource location for test class [com.pega.practice.HelloWorld.HelloWorldApplicationTests]: class path resource [com/pega/practice/HelloWorld/HelloWorldApplicationTests-context.xml] does not exist
14:38:42.541 [Test worker] DEBUG org.springframework.test.context.support.AbstractContextLoader - Did not detect default resource location for test class [com.pega.practice.HelloWorld.HelloWorldApplicationTests]: class path resource [com/pega/practice/HelloWorld/HelloWorldApplicationTestsContext.groovy] does not exist
14:38:42.542 [Test worker] INFO org.springframework.test.context.support.AbstractContextLoader - Could not detect default resource locations for test class [com.pega.practice.HelloWorld.HelloWorldApplicationTests]: no resource found for suffixes {-context.xml, Context.groovy}.
14:38:42.542 [Test worker] INFO org.springframework.test.context.support.AnnotationConfigContextLoaderUtils - Could not detect default configuration classes for test class [com.pega.practice.HelloWorld.HelloWorldApplicationTests]: HelloWorldApplicationTests does not declare any static, non-private, non-final, nested classes annotated with @Configuration.
14:38:42.573 [Test worker] DEBUG org.springframework.test.context.support.ActiveProfilesUtils - Could not find an 'annotation declaring class' for annotation type [org.springframework.test.context.ActiveProfiles] and class [com.pega.practice.HelloWorld.HelloWorldApplicationTests]
14:38:42.623 [Test worker] DEBUG org.springframework.context.annotation.ClassPathScanningCandidateComponentProvider - Identified candidate component class: file [C:\Users\kukrr\GitHub\Practice\HelloWorld\build\classes\java\main\com\pega\practice\HelloWorld\HelloWorldApplication.class]
14:38:42.624 [Test worker] INFO org.springframework.boot.test.context.SpringBootTestContextBootstrapper - Found @SpringBootConfiguration com.pega.practice.HelloWorld.HelloWorldApplication for test class com.pega.practice.HelloWorld.HelloWorldApplicationTests
14:38:42.706 [Test worker] DEBUG org.springframework.boot.test.context.SpringBootTestContextBootstrapper - @TestExecutionListeners is not present for class [com.pega.practice.HelloWorld.HelloWorldApplicationTests]: using defaults.
14:38:42.708 [Test worker] INFO org.springframework.boot.test.context.SpringBootTestContextBootstrapper - Loaded default TestExecutionListener class names from location [META-INF/spring.factories]: [org.springframework.boot.test.autoconfigure.restdocs.RestDocsTestExecutionListener, org.springframework.boot.test.autoconfigure.web.client.MockRestServiceServerResetTestExecutionListener, org.springframework.boot.test.autoconfigure.web.servlet.MockMvcPrintOnlyOnFailureTestExecutionListener, org.springframework.boot.test.autoconfigure.web.servlet.WebDriverTestExecutionListener, org.springframework.boot.test.autoconfigure.webservices.client.MockWebServiceServerTestExecutionListener, org.springframework.boot.test.mock.mockito.MockitoTestExecutionListener, org.springframework.boot.test.mock.mockito.ResetMocksTestExecutionListener, org.springframework.test.context.web.ServletTestExecutionListener, org.springframework.test.context.support.DirtiesContextBeforeModesTestExecutionListener, org.springframework.test.context.support.DependencyInjectionTestExecutionListener, org.springframework.test.context.support.DirtiesContextTestExecutionListener, org.springframework.test.context.transaction.TransactionalTestExecutionListener, org.springframework.test.context.jdbc.SqlScriptsTestExecutionListener, org.springframework.test.context.event.EventPublishingTestExecutionListener]
14:38:42.716 [Test worker] DEBUG org.springframework.boot.test.context.SpringBootTestContextBootstrapper - Skipping candidate TestExecutionListener [org.springframework.test.context.transaction.TransactionalTestExecutionListener] due to a missing dependency. Specify custom listener classes or make the default listener classes and their required dependencies available. Offending class: [org/springframework/transaction/interceptor/TransactionAttributeSource]
14:38:42.717 [Test worker] DEBUG org.springframework.boot.test.context.SpringBootTestContextBootstrapper - Skipping candidate TestExecutionListener [org.springframework.test.context.jdbc.SqlScriptsTestExecutionListener] due to a missing dependency. Specify custom listener classes or make the default listener classes and their required dependencies available. Offending class: [org/springframework/transaction/interceptor/TransactionAttribute]
14:38:42.718 [Test worker] INFO org.springframework.boot.test.context.SpringBootTestContextBootstrapper - Using TestExecutionListeners: [org.springframework.test.context.web.ServletTestExecutionListener@f550ca9, org.springframework.test.context.support.DirtiesContextBeforeModesTestExecutionListener@31dcb6c0, org.springframework.boot.test.mock.mockito.MockitoTestExecutionListener@24f982e5, org.springframework.boot.test.autoconfigure.SpringBootDependencyInjectionTestExecutionListener@43adf23b, org.springframework.test.context.support.DirtiesContextTestExecutionListener@64ba9ea3, org.springframework.test.context.event.EventPublishingTestExecutionListener@30045e42, org.springframework.boot.test.autoconfigure.restdocs.RestDocsTestExecutionListener@58821c0d, org.springframework.boot.test.autoconfigure.web.client.MockRestServiceServerResetTestExecutionListener@7412010c, org.springframework.boot.test.autoconfigure.web.servlet.MockMvcPrintOnlyOnFailureTestExecutionListener@446dd6ab, org.springframework.boot.test.autoconfigure.web.servlet.WebDriverTestExecutionListener@5689762a, org.springframework.boot.test.autoconfigure.webservices.client.MockWebServiceServerTestExecutionListener@1ea37a82, org.springframework.boot.test.mock.mockito.ResetMocksTestExecutionListener@7add123b]
14:38:42.720 [Test worker] DEBUG org.springframework.test.context.support.AbstractDirtiesContextTestExecutionListener - Before test class: context [DefaultTestContext@5f37491a testClass = HelloWorldApplicationTests, testInstance = [null], testMethod = [null], testException = [null], mergedContextConfiguration = [WebMergedContextConfiguration@1cb474bf testClass = HelloWorldApplicationTests, locations = '{}', classes = '{class com.pega.practice.HelloWorld.HelloWorldApplication}', contextInitializerClasses = '[]', activeProfiles = '{}', propertySourceLocations = '{}', propertySourceProperties = '{org.springframework.boot.test.context.SpringBootTestContextBootstrapper=true}', contextCustomizers = set[org.springframework.boot.test.autoconfigure.properties.PropertyMappingContextCustomizer@0, org.springframework.boot.test.autoconfigure.web.servlet.WebDriverContextCustomizerFactory$Customizer@237c241c, org.springframework.boot.test.context.filter.ExcludeFilterContextCustomizer@767a72c4, org.springframework.boot.test.json.DuplicateJsonObjectContextCustomizerFactory$DuplicateJsonObjectContextCustomizer@45530f16, org.springframework.boot.test.mock.mockito.MockitoContextCustomizer@0, org.springframework.boot.test.web.client.TestRestTemplateContextCustomizer@56d7202b, org.springframework.boot.test.context.SpringBootTestArgs@1], resourceBasePath = 'src/main/webapp', contextLoader = 'org.springframework.boot.test.context.SpringBootContextLoader', parent = [null]], attributes = map['org.springframework.test.context.web.ServletTestExecutionListener.activateListener' -> true]], class annotated with @DirtiesContext [false] with mode [null].
14:38:42.737 [Test worker] DEBUG org.springframework.test.context.support.TestPropertySourceUtils - Adding inlined properties to environment: {spring.jmx.enabled=false, org.springframework.boot.test.context.SpringBootTestContextBootstrapper=true}

  .   ____          _            __ _ _
 /\\ / ___'_ __ _ _(_)_ __  __ _ \ \ \ \
( ( )\___ | '_ | '_| | '_ \/ _` | \ \ \ \
 \\/  ___)| |_)| | | | | || (_| |  ) ) ) )
  '  |____| .__|_| |_|_| |_\__, | / / / /
 =========|_|==============|___/=/_/_/_/
 :: Spring Boot ::        (v2.3.2.RELEASE)

2020-10-06 14:38:42.939  INFO 4000 --- [    Test worker] c.p.p.H.HelloWorldApplicationTests       : Starting HelloWorldApplicationTests on L41057WIN with PID 4000 (started by kukrr in C:\Users\kukrr\GitHub\Practice\HelloWorld)
2020-10-06 14:38:42.940  INFO 4000 --- [    Test worker] c.p.p.H.HelloWorldApplicationTests       : No active profile set, falling back to default profiles: default
2020-10-06 14:38:43.687  INFO 4000 --- [    Test worker] o.s.s.concurrent.ThreadPoolTaskExecutor  : Initializing ExecutorService 'applicationTaskExecutor'
2020-10-06 14:38:43.881  INFO 4000 --- [    Test worker] c.p.p.H.HelloWorldApplicationTests       : Started HelloWorldApplicationTests in 1.137 seconds (JVM running for 2.263)
]]></system-out>
  <system-err><![CDATA[]]></system-err>
</testsuite>
