<?xml version="1.0" encoding="UTF-8"?>
<testsuite name="com.pega.practice.HelloWorld.controller.HelloWorldControllerTest" tests="1" skipped="0" failures="0" errors="0" timestamp="2020-10-06T09:08:42" hostname="L41057WIN" time="0.014">
  <properties/>
  <testcase name="isGreaterTest()" classname="com.pega.practice.HelloWorld.controller.HelloWorldControllerTest" time="0.014"/>
  <system-out><![CDATA[Test
]]></system-out>
  <system-err><![CDATA[]]></system-err>
</testsuite>
